<link rel="stylesheet" href="https://cdnjs.cloudflare.com/ajax/libs/github-markdown-css/3.0.1/github-markdown.css">
<article class="markdown-body">
<h2>Errors</h2>

<h3 id="Java_com.github.jsurfer___array_index_dot_notation">
Java (com.github.jsurfer), Array index dot notation
</h3>

<pre><code>Exception in thread "main" org.antlr.v4.runtime.misc.ParseCancellationException
    at org.antlr.v4.runtime.BailErrorStrategy.recoverInline(BailErrorStrategy.java:66)
    at org.antlr.v4.runtime.Parser.match(Parser.java:206)
    at org.jsfr.json.compiler.JsonPathParser.childNode(JsonPathParser.java:672)
    at org.jsfr.json.compiler.JsonPathParser.relativePath(JsonPathParser.java:272)
    at org.jsfr.json.compiler.JsonPathParser.path(JsonPathParser.java:159)
    at org.jsfr.json.compiler.JsonPathCompiler.compile(JsonPathCompiler.java:283)
    at org.jsfr.json.compiler.JsonPathCompiler.compile(JsonPathCompiler.java:273)
    at org.jsfr.json.JsonSurfer.collectAll(JsonSurfer.java:262)
    at query.App.main(App.java:27)
Caused by: org.antlr.v4.runtime.InputMismatchException
    at org.antlr.v4.runtime.BailErrorStrategy.recoverInline(BailErrorStrategy.java:61)
    ... 8 more
</code></pre>

<h3 id="Java_com.jayway.jsonpath___array_index_dot_notation">
Java (com.jayway.jsonpath), Array index dot notation
</h3>

<pre><code>SLF4J: Failed to load class "org.slf4j.impl.StaticLoggerBinder".
SLF4J: Defaulting to no-operation (NOP) logger implementation
SLF4J: See http://www.slf4j.org/codes.html#StaticLoggerBinder for further details.
Exception in thread "main" com.jayway.jsonpath.PathNotFoundException: Expected to find an object with property ['2'] in path $ but found 'net.minidev.json.JSONArray'. This is not a json object according to the JsonProvider: 'com.jayway.jsonpath.spi.json.JsonSmartJsonProvider'.
    at com.jayway.jsonpath.internal.path.PropertyPathToken.evaluate(PropertyPathToken.java:71)
    at com.jayway.jsonpath.internal.path.RootPathToken.evaluate(RootPathToken.java:62)
    at com.jayway.jsonpath.internal.path.CompiledPath.evaluate(CompiledPath.java:53)
    at com.jayway.jsonpath.internal.path.CompiledPath.evaluate(CompiledPath.java:61)
    at com.jayway.jsonpath.JsonPath.read(JsonPath.java:187)
    at com.jayway.jsonpath.internal.JsonContext.read(JsonContext.java:102)
    at com.jayway.jsonpath.internal.JsonContext.read(JsonContext.java:89)
    at query.App.main(App.java:28)
</code></pre>

<h3 id="PHP_galbar-jsonpath___array_index_dot_notation">
PHP (galbar-jsonpath), Array index dot notation
</h3>

<pre><code>Invalid JSONPath error: 'Error in JSONPath near '.2''
</code></pre>

<h3 id="Python_jsonpath-rw___array_index_dot_notation">
Python (jsonpath-rw), Array index dot notation
</h3>

<pre><code>Exception('Parse error at 1:2 near token 2 (NUMBER)',)
</code></pre>

<h3 id="JavaScript_Goessner___array_index_last">
JavaScript (Goessner), Array index last
</h3>

<pre><code>jsonpath returned false, this might indicate an error
</code></pre>

<h3 id="PHP_Goessner___array_index_last">
PHP (Goessner), Array index last
</h3>

<pre><code>jsonpath returned false, this might indicate an error
</code></pre>

<h3 id="Python_jsonpath___array_index_last">
Python (jsonpath), Array index last
</h3>

<pre><code>jsonpath returned false, this might indicate an error
</code></pre>

<h3 id="Clojure_json-path___array_index_out_of_bounds">
Clojure (json-path), Array index out of bounds
</h3>

<pre><code>Exception in thread "main" java.lang.IndexOutOfBoundsException
    at clojure.lang.RT.nthFrom(RT.java:924)
    at clojure.lang.RT.nth(RT.java:893)
    at json_path.walker$walk_selector.invokeStatic(walker.clj:72)
    at json_path.walker$walk_selector.invoke(walker.clj:61)
    at json_path.walker$walk.invokeStatic(walker.clj:85)
    at json_path.walker$walk.invoke(walker.clj:82)
    at json_path.walker$walk$fn__1026.invoke(walker.clj:87)
    at json_path.walker$map_SHARP_.invokeStatic(walker.clj:20)
    at json_path.walker$map_SHARP_.invoke(walker.clj:17)
    at json_path.walker$walk.invokeStatic(walker.clj:87)
    at json_path.walker$walk.invoke(walker.clj:82)
    at json_path$query.invokeStatic(json_path.clj:7)
    at json_path$query.invoke(json_path.clj:6)
    at json_path$at_path.invokeStatic(json_path.clj:10)
    at json_path$at_path.invoke(json_path.clj:9)
    at json_path_comparison.core$_main.invokeStatic(core.clj:10)
    at json_path_comparison.core$_main.doInvoke(core.clj:6)
    at clojure.lang.RestFn.applyTo(RestFn.java:137)
    at json_path_comparison.core.main(Unknown Source)
Expecting value: line 1 column 1 (char 0)
</code></pre>

<h3 id="JavaScript_Goessner___array_index_out_of_bounds">
JavaScript (Goessner), Array index out of bounds
</h3>

<pre><code>jsonpath returned false, this might indicate an error
</code></pre>

<h3 id="Java_com.jayway.jsonpath___array_index_out_of_bounds">
Java (com.jayway.jsonpath), Array index out of bounds
</h3>

<pre><code>SLF4J: Failed to load class "org.slf4j.impl.StaticLoggerBinder".
SLF4J: Defaulting to no-operation (NOP) logger implementation
SLF4J: See http://www.slf4j.org/codes.html#StaticLoggerBinder for further details.
Exception in thread "main" com.jayway.jsonpath.PathNotFoundException: No results for path: $[1]
    at com.jayway.jsonpath.internal.path.EvaluationContextImpl.getValue(EvaluationContextImpl.java:133)
    at com.jayway.jsonpath.JsonPath.read(JsonPath.java:187)
    at com.jayway.jsonpath.internal.JsonContext.read(JsonContext.java:102)
    at com.jayway.jsonpath.internal.JsonContext.read(JsonContext.java:89)
    at query.App.main(App.java:28)
</code></pre>

<h3 id="PHP_Goessner___array_index_out_of_bounds">
PHP (Goessner), Array index out of bounds
</h3>

<pre><code>jsonpath returned false, this might indicate an error
</code></pre>

<h3 id="PHP_galbar-jsonpath___array_index_out_of_bounds">
PHP (galbar-jsonpath), Array index out of bounds
</h3>

<pre><code>jsonpath returned false, this might indicate an error
</code></pre>

<h3 id="Python_jsonpath___array_index_out_of_bounds">
Python (jsonpath), Array index out of bounds
</h3>

<pre><code>jsonpath returned false, this might indicate an error
</code></pre>

<h3 id="Clojure_json-path___array_index_slice_no_start_no_end">
Clojure (json-path), Array index slice no start no end
</h3>

<pre><code>Exception in thread "main" java.lang.NumberFormatException: null
    at java.base/java.lang.Integer.parseInt(Integer.java:614)
    at java.base/java.lang.Integer.parseInt(Integer.java:770)
    at json_path.walker$walk_selector.invokeStatic(walker.clj:68)
    at json_path.walker$walk_selector.invoke(walker.clj:61)
    at json_path.walker$walk.invokeStatic(walker.clj:85)
    at json_path.walker$walk.invoke(walker.clj:82)
    at json_path.walker$walk$fn__1026.invoke(walker.clj:87)
    at json_path.walker$map_SHARP_.invokeStatic(walker.clj:20)
    at json_path.walker$map_SHARP_.invoke(walker.clj:17)
    at json_path.walker$walk.invokeStatic(walker.clj:87)
    at json_path.walker$walk.invoke(walker.clj:82)
    at json_path$query.invokeStatic(json_path.clj:7)
    at json_path$query.invoke(json_path.clj:6)
    at json_path$at_path.invokeStatic(json_path.clj:10)
    at json_path$at_path.invoke(json_path.clj:9)
    at json_path_comparison.core$_main.invokeStatic(core.clj:10)
    at json_path_comparison.core$_main.doInvoke(core.clj:6)
    at clojure.lang.RestFn.applyTo(RestFn.java:137)
    at json_path_comparison.core.main(Unknown Source)
</code></pre>

<h3 id="Java_com.jayway.jsonpath___array_index_slice_no_start_no_end">
Java (com.jayway.jsonpath), Array index slice no start no end
</h3>

<pre><code>SLF4J: Failed to load class "org.slf4j.impl.StaticLoggerBinder".
SLF4J: Defaulting to no-operation (NOP) logger implementation
SLF4J: See http://www.slf4j.org/codes.html#StaticLoggerBinder for further details.
Exception in thread "main" com.jayway.jsonpath.InvalidPathException: Failed to parse SliceOperation: :
    at com.jayway.jsonpath.internal.path.ArraySliceOperation.parse(ArraySliceOperation.java:70)
    at com.jayway.jsonpath.internal.path.PathCompiler.readArrayToken(PathCompiler.java:537)
    at com.jayway.jsonpath.internal.path.PathCompiler.readNextToken(PathCompiler.java:139)
    at com.jayway.jsonpath.internal.path.PathCompiler.readContextToken(PathCompiler.java:124)
    at com.jayway.jsonpath.internal.path.PathCompiler.compile(PathCompiler.java:58)
    at com.jayway.jsonpath.internal.path.PathCompiler.compile(PathCompiler.java:75)
    at com.jayway.jsonpath.JsonPath.&lt;init&gt;(JsonPath.java:101)
    at com.jayway.jsonpath.JsonPath.compile(JsonPath.java:467)
    at com.jayway.jsonpath.internal.JsonContext.read(JsonContext.java:87)
    at query.App.main(App.java:28)
</code></pre>

<h3 id="Kotlin_com.nfeld.jsonpathlite___array_index_slice_no_start_no_end">
Kotlin (com.nfeld.jsonpathlite), Array index slice no start no end
</h3>

<pre><code>Exception in thread "main" java.lang.IndexOutOfBoundsException: Index 0 out of bounds for length 0
    at java.base/jdk.internal.util.Preconditions.outOfBounds(Preconditions.java:64)
    at java.base/jdk.internal.util.Preconditions.outOfBoundsCheckIndex(Preconditions.java:70)
    at java.base/jdk.internal.util.Preconditions.checkIndex(Preconditions.java:248)
    at java.base/java.util.Objects.checkIndex(Objects.java:372)
    at java.base/java.util.ArrayList.get(ArrayList.java:458)
    at com.nfeld.jsonpathlite.PathCompiler.compileBracket$json_path_lite(PathCompiler.kt:232)
    at com.nfeld.jsonpathlite.PathCompiler.compile$json_path_lite(PathCompiler.kt:59)
    at com.nfeld.jsonpathlite.JsonPath.&lt;init&gt;(JsonPath.kt:17)
    at com.nfeld.jsonpathlite.extension.JSONArrayKt.read(JSONArray.kt:8)
    at com.nfeld.jsonpathlite.JsonArray.read(JsonResult.kt:12)
    at query.AppKt.main(App.kt:10)
</code></pre>

<h3 id="Java_com.github.jsurfer___array_index_slice_start_end_step">
Java (com.github.jsurfer), Array index slice start end step
</h3>

<pre><code>Exception in thread "main" org.antlr.v4.runtime.misc.ParseCancellationException
    at org.antlr.v4.runtime.BailErrorStrategy.recoverInline(BailErrorStrategy.java:66)
    at org.antlr.v4.runtime.Parser.match(Parser.java:206)
    at org.jsfr.json.compiler.JsonPathParser.slicing(JsonPathParser.java:636)
    at org.jsfr.json.compiler.JsonPathParser.relativePath(JsonPathParser.java:265)
    at org.jsfr.json.compiler.JsonPathParser.path(JsonPathParser.java:159)
    at org.jsfr.json.compiler.JsonPathCompiler.compile(JsonPathCompiler.java:283)
    at org.jsfr.json.compiler.JsonPathCompiler.compile(JsonPathCompiler.java:273)
    at org.jsfr.json.JsonSurfer.collectAll(JsonSurfer.java:262)
    at query.App.main(App.java:27)
Caused by: org.antlr.v4.runtime.InputMismatchException
    at org.antlr.v4.runtime.BailErrorStrategy.recoverInline(BailErrorStrategy.java:61)
    ... 8 more
</code></pre>

<h3 id="Python_jsonpath-rw___array_index_slice_start_end_step">
Python (jsonpath-rw), Array index slice start end step
</h3>

<pre><code>Exception('Parse error at 1:5 near token : (:)',)
</code></pre>

<h3 id="JavaScript_Goessner___array_index_slice_start_end_step_0">
JavaScript (Goessner), Array index slice start end step 0
</h3>

<pre><code>FATAL ERROR: CALL_AND_RETRY_LAST Allocation failed - JavaScript heap out of memory
</code></pre>

<h3 id="JavaScript_jsonpath___array_index_slice_start_end_step_0">
JavaScript (jsonpath), Array index slice start end step 0
</h3>

<pre><code>step cannot be zero
</code></pre>

<h3 id="Java_com.github.jsurfer___array_index_slice_start_end_step_0">
Java (com.github.jsurfer), Array index slice start end step 0
</h3>

<pre><code>Exception in thread "main" org.antlr.v4.runtime.misc.ParseCancellationException
    at org.antlr.v4.runtime.BailErrorStrategy.recoverInline(BailErrorStrategy.java:66)
    at org.antlr.v4.runtime.Parser.match(Parser.java:206)
    at org.jsfr.json.compiler.JsonPathParser.slicing(JsonPathParser.java:636)
    at org.jsfr.json.compiler.JsonPathParser.relativePath(JsonPathParser.java:265)
    at org.jsfr.json.compiler.JsonPathParser.path(JsonPathParser.java:159)
    at org.jsfr.json.compiler.JsonPathCompiler.compile(JsonPathCompiler.java:283)
    at org.jsfr.json.compiler.JsonPathCompiler.compile(JsonPathCompiler.java:273)
    at org.jsfr.json.JsonSurfer.collectAll(JsonSurfer.java:262)
    at query.App.main(App.java:27)
Caused by: org.antlr.v4.runtime.InputMismatchException
    at org.antlr.v4.runtime.BailErrorStrategy.recoverInline(BailErrorStrategy.java:61)
    ... 8 more
</code></pre>

<h3 id="PHP_galbar-jsonpath___array_index_slice_start_end_step_0">
PHP (galbar-jsonpath), Array index slice start end step 0
</h3>

<pre><code>Error: 'Step cannot be 0'
</code></pre>

<h3 id="Python_jsonpath___array_index_slice_start_end_step_0">
Python (jsonpath), Array index slice start end step 0
</h3>

<pre><code>ValueError('xrange() arg 3 must not be zero',)
</code></pre>

<h3 id="Python_jsonpath-rw___array_index_slice_start_end_step_0">
Python (jsonpath-rw), Array index slice start end step 0
</h3>

<pre><code>Exception('Parse error at 1:5 near token : (:)',)
</code></pre>

<h3 id="Ruby_jsonpath___array_index_slice_start_end_step_0">
Ruby (jsonpath), Array index slice start end step 0
</h3>

<pre><code>step can't be 0
</code></pre>

<h3 id="Rust_jsonpath_lib___array_index_slice_start_end_step_0">
Rust (jsonpath_lib), Array index slice start end step 0
</h3>

<pre><code>thread 'main' panicked at 'assertion failed: step != 0', src/libcore/iter/adapters/mod.rs:412:9
note: Run with `RUST_BACKTRACE=1` environment variable to display a backtrace.
</code></pre>

<h3 id="Java_com.github.jsurfer___array_index_slice_start_end_step_1">
Java (com.github.jsurfer), Array index slice start end step 1
</h3>

<pre><code>Exception in thread "main" org.antlr.v4.runtime.misc.ParseCancellationException
    at org.antlr.v4.runtime.BailErrorStrategy.recoverInline(BailErrorStrategy.java:66)
    at org.antlr.v4.runtime.Parser.match(Parser.java:206)
    at org.jsfr.json.compiler.JsonPathParser.slicing(JsonPathParser.java:636)
    at org.jsfr.json.compiler.JsonPathParser.relativePath(JsonPathParser.java:265)
    at org.jsfr.json.compiler.JsonPathParser.path(JsonPathParser.java:159)
    at org.jsfr.json.compiler.JsonPathCompiler.compile(JsonPathCompiler.java:283)
    at org.jsfr.json.compiler.JsonPathCompiler.compile(JsonPathCompiler.java:273)
    at org.jsfr.json.JsonSurfer.collectAll(JsonSurfer.java:262)
    at query.App.main(App.java:27)
Caused by: org.antlr.v4.runtime.InputMismatchException
    at org.antlr.v4.runtime.BailErrorStrategy.recoverInline(BailErrorStrategy.java:61)
    ... 8 more
</code></pre>

<h3 id="Python_jsonpath-rw___array_index_slice_start_end_step_1">
Python (jsonpath-rw), Array index slice start end step 1
</h3>

<pre><code>Exception('Parse error at 1:5 near token : (:)',)
</code></pre>

<h3 id="Java_com.github.jsurfer___array_index_slice_start_end_step_non_aligned">
Java (com.github.jsurfer), Array index slice start end step non aligned
</h3>

<pre><code>Exception in thread "main" org.antlr.v4.runtime.misc.ParseCancellationException
    at org.antlr.v4.runtime.BailErrorStrategy.recoverInline(BailErrorStrategy.java:66)
    at org.antlr.v4.runtime.Parser.match(Parser.java:206)
    at org.jsfr.json.compiler.JsonPathParser.slicing(JsonPathParser.java:636)
    at org.jsfr.json.compiler.JsonPathParser.relativePath(JsonPathParser.java:265)
    at org.jsfr.json.compiler.JsonPathParser.path(JsonPathParser.java:159)
    at org.jsfr.json.compiler.JsonPathCompiler.compile(JsonPathCompiler.java:283)
    at org.jsfr.json.compiler.JsonPathCompiler.compile(JsonPathCompiler.java:273)
    at org.jsfr.json.JsonSurfer.collectAll(JsonSurfer.java:262)
    at query.App.main(App.java:27)
Caused by: org.antlr.v4.runtime.InputMismatchException
    at org.antlr.v4.runtime.BailErrorStrategy.recoverInline(BailErrorStrategy.java:61)
    ... 8 more
</code></pre>

<h3 id="Python_jsonpath-rw___array_index_slice_start_end_step_non_aligned">
Python (jsonpath-rw), Array index slice start end step non aligned
</h3>

<pre><code>Exception('Parse error at 1:5 near token : (:)',)
</code></pre>

<h3 id="JavaScript_Goessner___array_index_slice_start_equals_end">
JavaScript (Goessner), Array index slice start equals end
</h3>

<pre><code>jsonpath returned false, this might indicate an error
</code></pre>

<h3 id="PHP_galbar-jsonpath___array_index_slice_start_equals_end">
PHP (galbar-jsonpath), Array index slice start equals end
</h3>

<pre><code>jsonpath returned false, this might indicate an error
</code></pre>

<h3 id="Python_jsonpath___array_index_slice_start_equals_end">
Python (jsonpath), Array index slice start equals end
</h3>

<pre><code>jsonpath returned false, this might indicate an error
</code></pre>

<h3 id="Python_jsonpath-rw___array_index_union">
Python (jsonpath-rw), Array index union
</h3>

<pre><code>Exception('Parse error at 1:3 near token , (,)',)
</code></pre>

<h3 id="Clojure_json-path___key_bracket_notation">
Clojure (json-path), Key bracket notation
</h3>

<pre><code>Exception in thread "main" java.lang.Exception: object must be an array.
    at json_path.walker$walk_selector.invokeStatic(walker.clj:72)
    at json_path.walker$walk_selector.invoke(walker.clj:61)
    at json_path.walker$walk.invokeStatic(walker.clj:85)
    at json_path.walker$walk.invoke(walker.clj:82)
    at json_path.walker$walk$fn__1026.invoke(walker.clj:87)
    at json_path.walker$map_SHARP_.invokeStatic(walker.clj:20)
    at json_path.walker$map_SHARP_.invoke(walker.clj:17)
    at json_path.walker$walk.invokeStatic(walker.clj:87)
    at json_path.walker$walk.invoke(walker.clj:82)
    at json_path$query.invokeStatic(json_path.clj:7)
    at json_path$query.invoke(json_path.clj:6)
    at json_path$at_path.invokeStatic(json_path.clj:10)
    at json_path$at_path.invoke(json_path.clj:9)
    at json_path_comparison.core$_main.invokeStatic(core.clj:10)
    at json_path_comparison.core$_main.doInvoke(core.clj:6)
    at clojure.lang.RestFn.applyTo(RestFn.java:137)
    at json_path_comparison.core.main(Unknown Source)
Expecting value: line 1 column 1 (char 0)
</code></pre>

<h3 id="Clojure_json-path___key_bracket_notation_union">
Clojure (json-path), Key bracket notation union
</h3>

<pre><code>Exception in thread "main" java.lang.Exception: object must be an array.
    at json_path.walker$walk_selector.invokeStatic(walker.clj:72)
    at json_path.walker$walk_selector.invoke(walker.clj:61)
    at json_path.walker$walk.invokeStatic(walker.clj:85)
    at json_path.walker$walk.invoke(walker.clj:82)
    at json_path.walker$walk$fn__1026.invoke(walker.clj:87)
    at json_path.walker$map_SHARP_.invokeStatic(walker.clj:20)
    at json_path.walker$map_SHARP_.invoke(walker.clj:17)
    at json_path.walker$walk.invokeStatic(walker.clj:87)
    at json_path.walker$walk.invoke(walker.clj:82)
    at json_path$query.invokeStatic(json_path.clj:7)
    at json_path$query.invoke(json_path.clj:6)
    at json_path$at_path.invokeStatic(json_path.clj:10)
    at json_path$at_path.invoke(json_path.clj:9)
    at json_path_comparison.core$_main.invokeStatic(core.clj:10)
    at json_path_comparison.core$_main.doInvoke(core.clj:6)
    at clojure.lang.RestFn.applyTo(RestFn.java:137)
    at json_path_comparison.core.main(Unknown Source)
</code></pre>

<h3 id="Clojure_json-path___key_bracket_notation_with_double_quotes">
Clojure (json-path), Key bracket notation with double quotes
</h3>

<pre><code>Exception in thread "main" java.lang.Exception: object must be an array.
    at json_path.walker$walk_selector.invokeStatic(walker.clj:72)
    at json_path.walker$walk_selector.invoke(walker.clj:61)
    at json_path.walker$walk.invokeStatic(walker.clj:85)
    at json_path.walker$walk.invoke(walker.clj:82)
    at json_path.walker$walk$fn__1026.invoke(walker.clj:87)
    at json_path.walker$map_SHARP_.invokeStatic(walker.clj:20)
    at json_path.walker$map_SHARP_.invoke(walker.clj:17)
    at json_path.walker$walk.invokeStatic(walker.clj:87)
    at json_path.walker$walk.invoke(walker.clj:82)
    at json_path$query.invokeStatic(json_path.clj:7)
    at json_path$query.invoke(json_path.clj:6)
    at json_path$at_path.invokeStatic(json_path.clj:10)
    at json_path$at_path.invoke(json_path.clj:9)
    at json_path_comparison.core$_main.invokeStatic(core.clj:10)
    at json_path_comparison.core$_main.doInvoke(core.clj:6)
    at clojure.lang.RestFn.applyTo(RestFn.java:137)
    at json_path_comparison.core.main(Unknown Source)
Expecting value: line 1 column 1 (char 0)
</code></pre>

<h3 id="JavaScript_Goessner___key_bracket_notation_with_double_quotes">
JavaScript (Goessner), Key bracket notation with double quotes
</h3>

<pre><code>jsonpath returned false, this might indicate an error
</code></pre>

<h3 id="Java_com.github.jsurfer___key_bracket_notation_with_double_quotes">
Java (com.github.jsurfer), Key bracket notation with double quotes
</h3>

<pre><code>line 1:2 token recognition error at: '"'
line 1:6 token recognition error at: '"'
line 1:3 no viable alternative at input '[key'
Exception in thread "main" org.antlr.v4.runtime.misc.ParseCancellationException
    at org.antlr.v4.runtime.BailErrorStrategy.recover(BailErrorStrategy.java:51)
    at org.jsfr.json.compiler.JsonPathParser.relativePath(JsonPathParser.java:315)
    at org.jsfr.json.compiler.JsonPathParser.path(JsonPathParser.java:159)
    at org.jsfr.json.compiler.JsonPathCompiler.compile(JsonPathCompiler.java:283)
    at org.jsfr.json.compiler.JsonPathCompiler.compile(JsonPathCompiler.java:273)
    at org.jsfr.json.JsonSurfer.collectAll(JsonSurfer.java:262)
    at query.App.main(App.java:27)
Caused by: org.antlr.v4.runtime.NoViableAltException
    at org.antlr.v4.runtime.atn.ParserATNSimulator.noViableAlt(ParserATNSimulator.java:2026)
    at org.antlr.v4.runtime.atn.ParserATNSimulator.execATN(ParserATNSimulator.java:467)
    at org.antlr.v4.runtime.atn.ParserATNSimulator.adaptivePredict(ParserATNSimulator.java:393)
    at org.jsfr.json.compiler.JsonPathParser.relativePath(JsonPathParser.java:232)
    ... 5 more
</code></pre>

<h3 id="Kotlin_com.nfeld.jsonpathlite___key_bracket_notation_with_double_quotes">
Kotlin (com.nfeld.jsonpathlite), Key bracket notation with double quotes
</h3>

<pre><code>Exception in thread "main" java.lang.IllegalArgumentException: Unexpected char, char=", index=2
    at com.nfeld.jsonpathlite.PathCompiler.compileBracket$json_path_lite(PathCompiler.kt:198)
    at com.nfeld.jsonpathlite.PathCompiler.compile$json_path_lite(PathCompiler.kt:59)
    at com.nfeld.jsonpathlite.JsonPath.&lt;init&gt;(JsonPath.kt:17)
    at com.nfeld.jsonpathlite.extension.JSONObjectKt.read(JSONObject.kt:8)
    at com.nfeld.jsonpathlite.JsonObject.read(JsonResult.kt:8)
    at query.AppKt.main(App.kt:10)
Expecting value: line 1 column 1 (char 0)
</code></pre>

<h3 id="PHP_Goessner___key_bracket_notation_with_double_quotes">
PHP (Goessner), Key bracket notation with double quotes
</h3>

<pre><code>jsonpath returned false, this might indicate an error
</code></pre>

<h3 id="Python_jsonpath___key_bracket_notation_with_double_quotes">
Python (jsonpath), Key bracket notation with double quotes
</h3>

<pre><code>jsonpath returned false, this might indicate an error
</code></pre>

<h3 id="Clojure_json-path___key_bracket_notation_with_number">
Clojure (json-path), Key bracket notation with number
</h3>

<pre><code>Exception in thread "main" java.lang.Exception: object must be an array.
    at json_path.walker$walk_selector.invokeStatic(walker.clj:72)
    at json_path.walker$walk_selector.invoke(walker.clj:61)
    at json_path.walker$walk.invokeStatic(walker.clj:85)
    at json_path.walker$walk.invoke(walker.clj:82)
    at json_path.walker$walk$fn__1026.invoke(walker.clj:87)
    at json_path.walker$map_SHARP_.invokeStatic(walker.clj:20)
    at json_path.walker$map_SHARP_.invoke(walker.clj:17)
    at json_path.walker$walk.invokeStatic(walker.clj:87)
    at json_path.walker$walk.invoke(walker.clj:82)
    at json_path$query.invokeStatic(json_path.clj:7)
    at json_path$query.invoke(json_path.clj:6)
    at json_path$at_path.invokeStatic(json_path.clj:10)
    at json_path$at_path.invoke(json_path.clj:9)
    at json_path_comparison.core$_main.invokeStatic(core.clj:10)
    at json_path_comparison.core$_main.doInvoke(core.clj:6)
    at clojure.lang.RestFn.applyTo(RestFn.java:137)
    at json_path_comparison.core.main(Unknown Source)
Expecting value: line 1 column 1 (char 0)
</code></pre>

<h3 id="Clojure_json-path___key_bracket_notation_with_number_without_quotes">
Clojure (json-path), Key bracket notation with number without quotes
</h3>

<pre><code>Exception in thread "main" java.lang.Exception: object must be an array.
    at json_path.walker$walk_selector.invokeStatic(walker.clj:72)
    at json_path.walker$walk_selector.invoke(walker.clj:61)
    at json_path.walker$walk.invokeStatic(walker.clj:85)
    at json_path.walker$walk.invoke(walker.clj:82)
    at json_path.walker$walk$fn__1026.invoke(walker.clj:87)
    at json_path.walker$map_SHARP_.invokeStatic(walker.clj:20)
    at json_path.walker$map_SHARP_.invoke(walker.clj:17)
    at json_path.walker$walk.invokeStatic(walker.clj:87)
    at json_path.walker$walk.invoke(walker.clj:82)
    at json_path$query.invokeStatic(json_path.clj:7)
    at json_path$query.invoke(json_path.clj:6)
    at json_path$at_path.invokeStatic(json_path.clj:10)
    at json_path$at_path.invoke(json_path.clj:9)
    at json_path_comparison.core$_main.invokeStatic(core.clj:10)
    at json_path_comparison.core$_main.doInvoke(core.clj:6)
    at clojure.lang.RestFn.applyTo(RestFn.java:137)
    at json_path_comparison.core.main(Unknown Source)
Expecting value: line 1 column 1 (char 0)
</code></pre>

<h3 id="Java_com.jayway.jsonpath___key_bracket_notation_with_number_without_quotes">
Java (com.jayway.jsonpath), Key bracket notation with number without quotes
</h3>

<pre><code>SLF4J: Failed to load class "org.slf4j.impl.StaticLoggerBinder".
SLF4J: Defaulting to no-operation (NOP) logger implementation
SLF4J: See http://www.slf4j.org/codes.html#StaticLoggerBinder for further details.
Exception in thread "main" com.jayway.jsonpath.PathNotFoundException: Filter: [0] can only be applied to arrays. Current context is: {0=value}
    at com.jayway.jsonpath.internal.path.ArrayPathToken.checkArrayModel(ArrayPathToken.java:184)
    at com.jayway.jsonpath.internal.path.ArrayPathToken.evaluate(ArrayPathToken.java:47)
    at com.jayway.jsonpath.internal.path.RootPathToken.evaluate(RootPathToken.java:62)
    at com.jayway.jsonpath.internal.path.CompiledPath.evaluate(CompiledPath.java:53)
    at com.jayway.jsonpath.internal.path.CompiledPath.evaluate(CompiledPath.java:61)
    at com.jayway.jsonpath.JsonPath.read(JsonPath.java:187)
    at com.jayway.jsonpath.internal.JsonContext.read(JsonContext.java:102)
    at com.jayway.jsonpath.internal.JsonContext.read(JsonContext.java:89)
    at query.App.main(App.java:28)
</code></pre>

<h3 id="Python_jsonpath-rw___key_bracket_notation_with_number_without_quotes">
Python (jsonpath-rw), Key bracket notation with number without quotes
</h3>

<pre><code>KeyError(0,)
</code></pre>

<h3 id="Clojure_json-path___key_bracket_notation_with_single_quote">
Clojure (json-path), Key bracket notation with single quote
</h3>

<pre><code>Exception in thread "main" java.lang.Exception: object must be an array.
    at json_path.walker$walk_selector.invokeStatic(walker.clj:72)
    at json_path.walker$walk_selector.invoke(walker.clj:61)
    at json_path.walker$walk.invokeStatic(walker.clj:85)
    at json_path.walker$walk.invoke(walker.clj:82)
    at json_path.walker$walk$fn__1026.invoke(walker.clj:87)
    at json_path.walker$map_SHARP_.invokeStatic(walker.clj:20)
    at json_path.walker$map_SHARP_.invoke(walker.clj:17)
    at json_path.walker$walk.invokeStatic(walker.clj:87)
    at json_path.walker$walk.invoke(walker.clj:82)
    at json_path$query.invokeStatic(json_path.clj:7)
    at json_path$query.invoke(json_path.clj:6)
    at json_path$at_path.invokeStatic(json_path.clj:10)
    at json_path$at_path.invoke(json_path.clj:9)
    at json_path_comparison.core$_main.invokeStatic(core.clj:10)
    at json_path_comparison.core$_main.doInvoke(core.clj:6)
    at clojure.lang.RestFn.applyTo(RestFn.java:137)
    at json_path_comparison.core.main(Unknown Source)
Expecting value: line 1 column 1 (char 0)
</code></pre>

<h3 id="JavaScript_jsonpath___key_bracket_notation_with_single_quote">
JavaScript (jsonpath), Key bracket notation with single quote
</h3>

<pre><code>Parse error on line 1:
$['single'quote']
----------^
Expecting ']', ',', got 'IDENTIFIER'
</code></pre>

<h3 id="Java_com.github.jsurfer___key_bracket_notation_with_single_quote">
Java (com.github.jsurfer), Key bracket notation with single quote
</h3>

<pre><code>Exception in thread "main" org.antlr.v4.runtime.misc.ParseCancellationException
    at org.antlr.v4.runtime.BailErrorStrategy.recoverInline(BailErrorStrategy.java:66)
    at org.antlr.v4.runtime.Parser.match(Parser.java:206)
    at org.jsfr.json.compiler.JsonPathParser.childrenNode(JsonPathParser.java:730)
    at org.jsfr.json.compiler.JsonPathParser.relativePath(JsonPathParser.java:279)
    at org.jsfr.json.compiler.JsonPathParser.path(JsonPathParser.java:159)
    at org.jsfr.json.compiler.JsonPathCompiler.compile(JsonPathCompiler.java:283)
    at org.jsfr.json.compiler.JsonPathCompiler.compile(JsonPathCompiler.java:273)
    at org.jsfr.json.JsonSurfer.collectAll(JsonSurfer.java:262)
    at query.App.main(App.java:27)
Caused by: org.antlr.v4.runtime.InputMismatchException
    at org.antlr.v4.runtime.BailErrorStrategy.recoverInline(BailErrorStrategy.java:61)
    ... 8 more
</code></pre>

<h3 id="Java_com.jayway.jsonpath___key_bracket_notation_with_single_quote">
Java (com.jayway.jsonpath), Key bracket notation with single quote
</h3>

<pre><code>SLF4J: Failed to load class "org.slf4j.impl.StaticLoggerBinder".
SLF4J: Defaulting to no-operation (NOP) logger implementation
SLF4J: See http://www.slf4j.org/codes.html#StaticLoggerBinder for further details.
Exception in thread "main" com.jayway.jsonpath.InvalidPathException: Property must be separated by comma or Property must be terminated close square bracket at index 9
    at com.jayway.jsonpath.internal.path.PathCompiler.fail(PathCompiler.java:616)
    at com.jayway.jsonpath.internal.path.PathCompiler.readBracketPropertyToken(PathCompiler.java:586)
    at com.jayway.jsonpath.internal.path.PathCompiler.readNextToken(PathCompiler.java:138)
    at com.jayway.jsonpath.internal.path.PathCompiler.readContextToken(PathCompiler.java:124)
    at com.jayway.jsonpath.internal.path.PathCompiler.compile(PathCompiler.java:58)
    at com.jayway.jsonpath.internal.path.PathCompiler.compile(PathCompiler.java:75)
    at com.jayway.jsonpath.JsonPath.&lt;init&gt;(JsonPath.java:101)
    at com.jayway.jsonpath.JsonPath.compile(JsonPath.java:467)
    at com.jayway.jsonpath.internal.JsonContext.read(JsonContext.java:87)
    at query.App.main(App.java:28)
</code></pre>

<h3 id="Kotlin_com.nfeld.jsonpathlite___key_bracket_notation_with_single_quote">
Kotlin (com.nfeld.jsonpathlite), Key bracket notation with single quote
</h3>

<pre><code>Exception in thread "main" java.lang.IllegalArgumentException: Expecting closing array bracket with a value inside
    at com.nfeld.jsonpathlite.PathCompiler.compile$json_path_lite(PathCompiler.kt:76)
    at com.nfeld.jsonpathlite.JsonPath.&lt;init&gt;(JsonPath.kt:17)
    at com.nfeld.jsonpathlite.extension.JSONObjectKt.read(JSONObject.kt:8)
    at com.nfeld.jsonpathlite.JsonObject.read(JsonResult.kt:8)
    at query.AppKt.main(App.kt:10)
Expecting value: line 1 column 1 (char 0)
</code></pre>

<h3 id="Python_jsonpath-rw___key_bracket_notation_with_single_quote">
Python (jsonpath-rw), Key bracket notation with single quote
</h3>

<pre><code>Exception(u'Parse error at 1:10 near token quote (ID)',)
</code></pre>

<h3 id="Rust_jsonpath_lib___key_bracket_notation_with_single_quote">
Rust (jsonpath_lib), Key bracket notation with single quote
</h3>

<pre><code>thread 'main' panicked at 'called `Result::unwrap()` on an `Err` value: path error: 
$['single'quote']
^^^^^^^^^^^^^^^^
', src/libcore/result.rs:999:5
note: Run with `RUST_BACKTRACE=1` environment variable to display a backtrace.
</code></pre>

<h3 id="Clojure_json-path___key_bracket_notation_with_single_quote_escaped">
Clojure (json-path), Key bracket notation with single quote escaped
</h3>

<pre><code>Exception in thread "main" java.lang.Exception: object must be an array.
    at json_path.walker$walk_selector.invokeStatic(walker.clj:72)
    at json_path.walker$walk_selector.invoke(walker.clj:61)
    at json_path.walker$walk.invokeStatic(walker.clj:85)
    at json_path.walker$walk.invoke(walker.clj:82)
    at json_path.walker$walk$fn__1026.invoke(walker.clj:87)
    at json_path.walker$map_SHARP_.invokeStatic(walker.clj:20)
    at json_path.walker$map_SHARP_.invoke(walker.clj:17)
    at json_path.walker$walk.invokeStatic(walker.clj:87)
    at json_path.walker$walk.invoke(walker.clj:82)
    at json_path$query.invokeStatic(json_path.clj:7)
    at json_path$query.invoke(json_path.clj:6)
    at json_path$at_path.invokeStatic(json_path.clj:10)
    at json_path$at_path.invoke(json_path.clj:9)
    at json_path_comparison.core$_main.invokeStatic(core.clj:10)
    at json_path_comparison.core$_main.doInvoke(core.clj:6)
    at clojure.lang.RestFn.applyTo(RestFn.java:137)
    at json_path_comparison.core.main(Unknown Source)
Expecting value: line 1 column 1 (char 0)
</code></pre>

<h3 id="JavaScript_Goessner___key_bracket_notation_with_single_quote_escaped">
JavaScript (Goessner), Key bracket notation with single quote escaped
</h3>

<pre><code>jsonpath returned false, this might indicate an error
</code></pre>

<h3 id="PHP_Goessner___key_bracket_notation_with_single_quote_escaped">
PHP (Goessner), Key bracket notation with single quote escaped
</h3>

<pre><code>jsonpath returned false, this might indicate an error
</code></pre>

<h3 id="PHP_galbar-jsonpath___key_bracket_notation_with_single_quote_escaped">
PHP (galbar-jsonpath), Key bracket notation with single quote escaped
</h3>

<pre><code>jsonpath returned false, this might indicate an error
</code></pre>

<h3 id="Python_jsonpath___key_bracket_notation_with_single_quote_escaped">
Python (jsonpath), Key bracket notation with single quote escaped
</h3>

<pre><code>jsonpath returned false, this might indicate an error
</code></pre>

<h3 id="Clojure_json-path___key_bracket_notation_with_special_characters">
Clojure (json-path), Key bracket notation with special characters
</h3>

<pre><code>Exception in thread "main" java.lang.Exception: object must be an array.
    at json_path.walker$walk_selector.invokeStatic(walker.clj:72)
    at json_path.walker$walk_selector.invoke(walker.clj:61)
    at json_path.walker$walk.invokeStatic(walker.clj:85)
    at json_path.walker$walk.invoke(walker.clj:82)
    at json_path.walker$walk$fn__1026.invoke(walker.clj:87)
    at json_path.walker$map_SHARP_.invokeStatic(walker.clj:20)
    at json_path.walker$map_SHARP_.invoke(walker.clj:17)
    at json_path.walker$walk.invokeStatic(walker.clj:87)
    at json_path.walker$walk.invoke(walker.clj:82)
    at json_path$query.invokeStatic(json_path.clj:7)
    at json_path$query.invoke(json_path.clj:6)
    at json_path$at_path.invokeStatic(json_path.clj:10)
    at json_path$at_path.invoke(json_path.clj:9)
    at json_path_comparison.core$_main.invokeStatic(core.clj:10)
    at json_path_comparison.core$_main.doInvoke(core.clj:6)
    at clojure.lang.RestFn.applyTo(RestFn.java:137)
    at json_path_comparison.core.main(Unknown Source)
Expecting value: line 1 column 1 (char 0)
</code></pre>

<h3 id="Python_jsonpath___key_bracket_notation_with_star_literal">
Python (jsonpath), Key bracket notation with star literal
</h3>

<pre><code>RuntimeError('maximum recursion depth exceeded while calling a Python object',)
</code></pre>

<h3 id="Clojure_json-path___key_bracket_notation_without_quotes">
Clojure (json-path), Key bracket notation without quotes
</h3>

<pre><code>Exception in thread "main" java.lang.Exception: object must be an array.
    at json_path.walker$walk_selector.invokeStatic(walker.clj:72)
    at json_path.walker$walk_selector.invoke(walker.clj:61)
    at json_path.walker$walk.invokeStatic(walker.clj:85)
    at json_path.walker$walk.invoke(walker.clj:82)
    at json_path.walker$walk$fn__1026.invoke(walker.clj:87)
    at json_path.walker$map_SHARP_.invokeStatic(walker.clj:20)
    at json_path.walker$map_SHARP_.invoke(walker.clj:17)
    at json_path.walker$walk.invokeStatic(walker.clj:87)
    at json_path.walker$walk.invoke(walker.clj:82)
    at json_path$query.invokeStatic(json_path.clj:7)
    at json_path$query.invoke(json_path.clj:6)
    at json_path$at_path.invokeStatic(json_path.clj:10)
    at json_path$at_path.invoke(json_path.clj:9)
    at json_path_comparison.core$_main.invokeStatic(core.clj:10)
    at json_path_comparison.core$_main.doInvoke(core.clj:6)
    at clojure.lang.RestFn.applyTo(RestFn.java:137)
    at json_path_comparison.core.main(Unknown Source)
Expecting value: line 1 column 1 (char 0)
</code></pre>

<h3 id="JavaScript_jsonpath___key_bracket_notation_without_quotes">
JavaScript (jsonpath), Key bracket notation without quotes
</h3>

<pre><code>Parse error on line 1:
$[key]
--^
Expecting 'STAR', 'SCRIPT_EXPRESSION', 'INTEGER', 'ARRAY_SLICE', 'FILTER_EXPRESSION', 'QQ_STRING', 'Q_STRING', got 'IDENTIFIER'
</code></pre>

<h3 id="Java_com.github.jsurfer___key_bracket_notation_without_quotes">
Java (com.github.jsurfer), Key bracket notation without quotes
</h3>

<pre><code>line 1:2 no viable alternative at input '[key'
Exception in thread "main" org.antlr.v4.runtime.misc.ParseCancellationException
    at org.antlr.v4.runtime.BailErrorStrategy.recover(BailErrorStrategy.java:51)
    at org.jsfr.json.compiler.JsonPathParser.relativePath(JsonPathParser.java:315)
    at org.jsfr.json.compiler.JsonPathParser.path(JsonPathParser.java:159)
    at org.jsfr.json.compiler.JsonPathCompiler.compile(JsonPathCompiler.java:283)
    at org.jsfr.json.compiler.JsonPathCompiler.compile(JsonPathCompiler.java:273)
    at org.jsfr.json.JsonSurfer.collectAll(JsonSurfer.java:262)
    at query.App.main(App.java:27)
Caused by: org.antlr.v4.runtime.NoViableAltException
    at org.antlr.v4.runtime.atn.ParserATNSimulator.noViableAlt(ParserATNSimulator.java:2026)
    at org.antlr.v4.runtime.atn.ParserATNSimulator.execATN(ParserATNSimulator.java:467)
    at org.antlr.v4.runtime.atn.ParserATNSimulator.adaptivePredict(ParserATNSimulator.java:393)
    at org.jsfr.json.compiler.JsonPathParser.relativePath(JsonPathParser.java:232)
    ... 5 more
</code></pre>

<h3 id="Java_com.jayway.jsonpath___key_bracket_notation_without_quotes">
Java (com.jayway.jsonpath), Key bracket notation without quotes
</h3>

<pre><code>SLF4J: Failed to load class "org.slf4j.impl.StaticLoggerBinder".
SLF4J: Defaulting to no-operation (NOP) logger implementation
SLF4J: See http://www.slf4j.org/codes.html#StaticLoggerBinder for further details.
Exception in thread "main" com.jayway.jsonpath.InvalidPathException: Could not parse token starting at position 1. Expected ?, ', 0-9, * 
    at com.jayway.jsonpath.internal.path.PathCompiler.fail(PathCompiler.java:616)
    at com.jayway.jsonpath.internal.path.PathCompiler.readNextToken(PathCompiler.java:143)
    at com.jayway.jsonpath.internal.path.PathCompiler.readContextToken(PathCompiler.java:124)
    at com.jayway.jsonpath.internal.path.PathCompiler.compile(PathCompiler.java:58)
    at com.jayway.jsonpath.internal.path.PathCompiler.compile(PathCompiler.java:75)
    at com.jayway.jsonpath.JsonPath.&lt;init&gt;(JsonPath.java:101)
    at com.jayway.jsonpath.JsonPath.compile(JsonPath.java:467)
    at com.jayway.jsonpath.internal.JsonContext.read(JsonContext.java:87)
    at query.App.main(App.java:28)
</code></pre>

<h3 id="Kotlin_com.nfeld.jsonpathlite___key_bracket_notation_without_quotes">
Kotlin (com.nfeld.jsonpathlite), Key bracket notation without quotes
</h3>

<pre><code>Exception in thread "main" java.lang.IllegalArgumentException: Unexpected char, char=k, index=2
    at com.nfeld.jsonpathlite.PathCompiler.compileBracket$json_path_lite(PathCompiler.kt:198)
    at com.nfeld.jsonpathlite.PathCompiler.compile$json_path_lite(PathCompiler.kt:59)
    at com.nfeld.jsonpathlite.JsonPath.&lt;init&gt;(JsonPath.kt:17)
    at com.nfeld.jsonpathlite.extension.JSONObjectKt.read(JSONObject.kt:8)
    at com.nfeld.jsonpathlite.JsonObject.read(JsonResult.kt:8)
    at query.AppKt.main(App.kt:10)
Expecting value: line 1 column 1 (char 0)
</code></pre>

<h3 id="Ruby_jsonpath___key_bracket_notation_without_quotes">
Ruby (jsonpath), Key bracket notation without quotes
</h3>

<pre><code>invalid value for Integer(): "key"
</code></pre>

<h3 id="Rust_jsonpath_lib___key_bracket_notation_without_quotes">
Rust (jsonpath_lib), Key bracket notation without quotes
</h3>

<pre><code>thread 'main' panicked at 'called `Result::unwrap()` on an `Err` value: path error: 
$[key]
^^
', src/libcore/result.rs:999:5
note: Run with `RUST_BACKTRACE=1` environment variable to display a backtrace.
</code></pre>

<h3 id="JavaScript_Goessner___key_dot_notation_not_found">
JavaScript (Goessner), Key dot notation not found
</h3>

<pre><code>jsonpath returned false, this might indicate an error
</code></pre>

<h3 id="Java_com.jayway.jsonpath___key_dot_notation_not_found">
Java (com.jayway.jsonpath), Key dot notation not found
</h3>

<pre><code>SLF4J: Failed to load class "org.slf4j.impl.StaticLoggerBinder".
SLF4J: Defaulting to no-operation (NOP) logger implementation
SLF4J: See http://www.slf4j.org/codes.html#StaticLoggerBinder for further details.
Exception in thread "main" com.jayway.jsonpath.PathNotFoundException: No results for path: $['missing']
    at com.jayway.jsonpath.internal.path.EvaluationContextImpl.getValue(EvaluationContextImpl.java:133)
    at com.jayway.jsonpath.JsonPath.read(JsonPath.java:187)
    at com.jayway.jsonpath.internal.JsonContext.read(JsonContext.java:102)
    at com.jayway.jsonpath.internal.JsonContext.read(JsonContext.java:89)
    at query.App.main(App.java:28)
</code></pre>

<h3 id="PHP_Goessner___key_dot_notation_not_found">
PHP (Goessner), Key dot notation not found
</h3>

<pre><code>jsonpath returned false, this might indicate an error
</code></pre>

<h3 id="PHP_galbar-jsonpath___key_dot_notation_not_found">
PHP (galbar-jsonpath), Key dot notation not found
</h3>

<pre><code>jsonpath returned false, this might indicate an error
</code></pre>

<h3 id="Python_jsonpath___key_dot_notation_not_found">
Python (jsonpath), Key dot notation not found
</h3>

<pre><code>jsonpath returned false, this might indicate an error
</code></pre>

<h3 id="JavaScript_Goessner___key_dot_notation_on_array">
JavaScript (Goessner), Key dot notation on array
</h3>

<pre><code>jsonpath returned false, this might indicate an error
</code></pre>

<h3 id="Java_com.jayway.jsonpath___key_dot_notation_on_array">
Java (com.jayway.jsonpath), Key dot notation on array
</h3>

<pre><code>SLF4J: Failed to load class "org.slf4j.impl.StaticLoggerBinder".
SLF4J: Defaulting to no-operation (NOP) logger implementation
SLF4J: See http://www.slf4j.org/codes.html#StaticLoggerBinder for further details.
Exception in thread "main" com.jayway.jsonpath.PathNotFoundException: Expected to find an object with property ['key'] in path $ but found 'net.minidev.json.JSONArray'. This is not a json object according to the JsonProvider: 'com.jayway.jsonpath.spi.json.JsonSmartJsonProvider'.
    at com.jayway.jsonpath.internal.path.PropertyPathToken.evaluate(PropertyPathToken.java:71)
    at com.jayway.jsonpath.internal.path.RootPathToken.evaluate(RootPathToken.java:62)
    at com.jayway.jsonpath.internal.path.CompiledPath.evaluate(CompiledPath.java:53)
    at com.jayway.jsonpath.internal.path.CompiledPath.evaluate(CompiledPath.java:61)
    at com.jayway.jsonpath.JsonPath.read(JsonPath.java:187)
    at com.jayway.jsonpath.internal.JsonContext.read(JsonContext.java:102)
    at com.jayway.jsonpath.internal.JsonContext.read(JsonContext.java:89)
    at query.App.main(App.java:28)
</code></pre>

<h3 id="PHP_Goessner___key_dot_notation_on_array">
PHP (Goessner), Key dot notation on array
</h3>

<pre><code>jsonpath returned false, this might indicate an error
</code></pre>

<h3 id="PHP_galbar-jsonpath___key_dot_notation_on_array">
PHP (galbar-jsonpath), Key dot notation on array
</h3>

<pre><code>jsonpath returned false, this might indicate an error
</code></pre>

<h3 id="Python_jsonpath___key_dot_notation_on_array">
Python (jsonpath), Key dot notation on array
</h3>

<pre><code>jsonpath returned false, this might indicate an error
</code></pre>

<h3 id="JavaScript_Goessner___key_dot_notation_on_array_of_matching_object">
JavaScript (Goessner), Key dot notation on array of matching object
</h3>

<pre><code>jsonpath returned false, this might indicate an error
</code></pre>

<h3 id="Java_com.jayway.jsonpath___key_dot_notation_on_array_of_matching_object">
Java (com.jayway.jsonpath), Key dot notation on array of matching object
</h3>

<pre><code>SLF4J: Failed to load class "org.slf4j.impl.StaticLoggerBinder".
SLF4J: Defaulting to no-operation (NOP) logger implementation
SLF4J: See http://www.slf4j.org/codes.html#StaticLoggerBinder for further details.
Exception in thread "main" com.jayway.jsonpath.PathNotFoundException: Expected to find an object with property ['key'] in path $ but found 'net.minidev.json.JSONArray'. This is not a json object according to the JsonProvider: 'com.jayway.jsonpath.spi.json.JsonSmartJsonProvider'.
    at com.jayway.jsonpath.internal.path.PropertyPathToken.evaluate(PropertyPathToken.java:71)
    at com.jayway.jsonpath.internal.path.RootPathToken.evaluate(RootPathToken.java:62)
    at com.jayway.jsonpath.internal.path.CompiledPath.evaluate(CompiledPath.java:53)
    at com.jayway.jsonpath.internal.path.CompiledPath.evaluate(CompiledPath.java:61)
    at com.jayway.jsonpath.JsonPath.read(JsonPath.java:187)
    at com.jayway.jsonpath.internal.JsonContext.read(JsonContext.java:102)
    at com.jayway.jsonpath.internal.JsonContext.read(JsonContext.java:89)
    at query.App.main(App.java:28)
</code></pre>

<h3 id="PHP_Goessner___key_dot_notation_on_array_of_matching_object">
PHP (Goessner), Key dot notation on array of matching object
</h3>

<pre><code>jsonpath returned false, this might indicate an error
</code></pre>

<h3 id="PHP_galbar-jsonpath___key_dot_notation_on_array_of_matching_object">
PHP (galbar-jsonpath), Key dot notation on array of matching object
</h3>

<pre><code>jsonpath returned false, this might indicate an error
</code></pre>

<h3 id="Python_jsonpath___key_dot_notation_on_array_of_matching_object">
Python (jsonpath), Key dot notation on array of matching object
</h3>

<pre><code>jsonpath returned false, this might indicate an error
</code></pre>

<h3 id="Clojure_json-path___recursive_array_index">
Clojure (json-path), Recursive array index
</h3>

<pre><code>Exception in thread "main" java.lang.Exception: object must be an array.
    at json_path.walker$walk_selector.invokeStatic(walker.clj:72)
    at json_path.walker$walk_selector.invoke(walker.clj:61)
    at json_path.walker$walk.invokeStatic(walker.clj:85)
    at json_path.walker$walk.invoke(walker.clj:82)
    at json_path.walker$walk$fn__1026.invoke(walker.clj:87)
    at clojure.core$map$fn__5851.invoke(core.clj:2755)
    at clojure.lang.LazySeq.sval(LazySeq.java:42)
    at clojure.lang.LazySeq.seq(LazySeq.java:51)
    at clojure.lang.RT.seq(RT.java:531)
    at clojure.core$seq__5387.invokeStatic(core.clj:137)
    at clojure.core$map$fn__5851.invoke(core.clj:2746)
    at clojure.lang.LazySeq.sval(LazySeq.java:42)
    at clojure.lang.LazySeq.seq(LazySeq.java:51)
    at clojure.lang.Cons.next(Cons.java:39)
    at clojure.lang.RT.next(RT.java:709)
    at clojure.core$next__5371.invokeStatic(core.clj:64)
    at clojure.core$next__5371.invoke(core.clj:64)
    at cheshire.generate$generate.invokeStatic(generate.clj:130)
    at cheshire.generate$generate.invoke(generate.clj:116)
    at cheshire.core$generate_string.invokeStatic(core.clj:74)
    at cheshire.core$generate_string.invoke(core.clj:49)
    at cheshire.core$generate_string.invokeStatic(core.clj:55)
    at cheshire.core$generate_string.invoke(core.clj:49)
    at json_path_comparison.core$_main.invokeStatic(core.clj:10)
    at json_path_comparison.core$_main.doInvoke(core.clj:6)
    at clojure.lang.RestFn.applyTo(RestFn.java:137)
    at json_path_comparison.core.main(Unknown Source)
</code></pre>

<h3 id="PHP_galbar-jsonpath___recursive_array_index">
PHP (galbar-jsonpath), Recursive array index
</h3>

<pre><code>Invalid JSONPath error: 'Error in JSONPath near '..[0]''
</code></pre>

<h3 id="Python_jsonpath-rw___recursive_array_index">
Python (jsonpath-rw), Recursive array index
</h3>

<pre><code>KeyError(0,)
</code></pre>

<h3 id="Ruby_jsonpath___recursive_array_index">
Ruby (jsonpath), Recursive array index
</h3>

<pre><code>no implicit conversion of Integer into String
</code></pre>

<h3 id="JavaScript_Goessner___recursive_wildcard_on_scalar">
JavaScript (Goessner), Recursive wildcard on scalar
</h3>

<pre><code>jsonpath returned false, this might indicate an error
</code></pre>

<h3 id="JavaScript_jsonpath___recursive_wildcard_on_scalar">
JavaScript (jsonpath), Recursive wildcard on scalar
</h3>

<pre><code>obj needs to be an object
</code></pre>

<h3 id="Kotlin_com.nfeld.jsonpathlite___recursive_wildcard_on_scalar">
Kotlin (com.nfeld.jsonpathlite), Recursive wildcard on scalar
</h3>

<pre><code>Exception in thread "main" org.json.JSONException: A JSONArray text must start with '[' at 1 [character 2 line 1]
    at org.json.JSONTokener.syntaxError(JSONTokener.java:505)
    at org.json.JSONArray.&lt;init&gt;(JSONArray.java:109)
    at org.json.JSONArray.&lt;init&gt;(JSONArray.java:162)
    at com.nfeld.jsonpathlite.JsonPath$Companion.parse(JsonPath.kt:98)
    at query.AppKt.main(App.kt:10)
</code></pre>

<h3 id="PHP_Goessner___recursive_wildcard_on_scalar">
PHP (Goessner), Recursive wildcard on scalar
</h3>

<pre><code>jsonpath returned false, this might indicate an error
</code></pre>

<h3 id="Python_jsonpath___recursive_wildcard_on_scalar">
Python (jsonpath), Recursive wildcard on scalar
</h3>

<pre><code>jsonpath returned false, this might indicate an error
</code></pre>

<h3 id="JavaScript_Goessner___root">
JavaScript (Goessner), Root
</h3>

<pre><code>jsonpath returned false, this might indicate an error
</code></pre>

<h3 id="PHP_Goessner___root">
PHP (Goessner), Root
</h3>

<pre><code>jsonpath returned false, this might indicate an error
</code></pre>

<h3 id="Python_jsonpath___root">
Python (jsonpath), Root
</h3>

<pre><code>jsonpath returned false, this might indicate an error
</code></pre>

<h3 id="Kotlin_com.nfeld.jsonpathlite___wildcard_bracket_notation_on_array">
Kotlin (com.nfeld.jsonpathlite), Wildcard bracket notation on array
</h3>

<pre><code>Exception in thread "main" java.lang.IllegalArgumentException: Unexpected char, char=*, index=2
    at com.nfeld.jsonpathlite.PathCompiler.compileBracket$json_path_lite(PathCompiler.kt:198)
    at com.nfeld.jsonpathlite.PathCompiler.compile$json_path_lite(PathCompiler.kt:59)
    at com.nfeld.jsonpathlite.JsonPath.&lt;init&gt;(JsonPath.kt:17)
    at com.nfeld.jsonpathlite.extension.JSONArrayKt.read(JSONArray.kt:8)
    at com.nfeld.jsonpathlite.JsonArray.read(JsonResult.kt:12)
    at query.AppKt.main(App.kt:10)
</code></pre>

<h3 id="Kotlin_com.nfeld.jsonpathlite___wildcard_bracket_notation_on_null_value_array">
Kotlin (com.nfeld.jsonpathlite), Wildcard bracket notation on null value array
</h3>

<pre><code>Exception in thread "main" java.lang.IllegalArgumentException: Unexpected char, char=*, index=2
    at com.nfeld.jsonpathlite.PathCompiler.compileBracket$json_path_lite(PathCompiler.kt:198)
    at com.nfeld.jsonpathlite.PathCompiler.compile$json_path_lite(PathCompiler.kt:59)
    at com.nfeld.jsonpathlite.JsonPath.&lt;init&gt;(JsonPath.kt:17)
    at com.nfeld.jsonpathlite.extension.JSONArrayKt.read(JSONArray.kt:8)
    at com.nfeld.jsonpathlite.JsonArray.read(JsonResult.kt:12)
    at query.AppKt.main(App.kt:10)
</code></pre>

<h3 id="Kotlin_com.nfeld.jsonpathlite___wildcard_bracket_notation_on_object">
Kotlin (com.nfeld.jsonpathlite), Wildcard bracket notation on object
</h3>

<pre><code>Exception in thread "main" java.lang.IllegalArgumentException: Unexpected char, char=*, index=2
    at com.nfeld.jsonpathlite.PathCompiler.compileBracket$json_path_lite(PathCompiler.kt:198)
    at com.nfeld.jsonpathlite.PathCompiler.compile$json_path_lite(PathCompiler.kt:59)
    at com.nfeld.jsonpathlite.JsonPath.&lt;init&gt;(JsonPath.kt:17)
    at com.nfeld.jsonpathlite.extension.JSONObjectKt.read(JSONObject.kt:8)
    at com.nfeld.jsonpathlite.JsonObject.read(JsonResult.kt:8)
    at query.AppKt.main(App.kt:10)
</code></pre>
</article>
<a href="https://github.com/cburgmer/json-path-comparison" class="github-corner" aria-label="View source on GitHub"><svg width="80" height="80" viewBox="0 0 250 250" style="fill:#151513; color:#fff; position: absolute; top: 0; border: 0; right: 0;" aria-hidden="true"><path d="M0,0 L115,115 L130,115 L142,142 L250,250 L250,0 Z"></path><path d="M128.3,109.0 C113.8,99.7 119.0,89.6 119.0,89.6 C122.0,82.7 120.5,78.6 120.5,78.6 C119.2,72.0 123.4,76.3 123.4,76.3 C127.3,80.9 125.5,87.3 125.5,87.3 C122.9,97.6 130.6,101.9 134.4,103.2" fill="currentColor" style="transform-origin: 130px 106px;" class="octo-arm"></path><path d="M115.0,115.0 C114.9,115.1 118.7,116.5 119.8,115.4 L133.7,101.6 C136.9,99.2 139.9,98.4 142.2,98.6 C133.8,88.0 127.5,74.4 143.8,58.0 C148.5,53.4 154.0,51.2 159.7,51.0 C160.3,49.4 163.2,43.6 171.4,40.1 C171.4,40.1 176.1,42.5 178.8,56.2 C183.1,58.6 187.2,61.8 190.9,65.4 C194.5,69.0 197.7,73.2 200.1,77.6 C213.8,80.2 216.3,84.9 216.3,84.9 C212.7,93.1 206.9,96.0 205.4,96.6 C205.1,102.4 203.0,107.8 198.3,112.5 C181.9,128.9 168.3,122.5 157.7,114.1 C157.9,116.9 156.7,120.9 152.7,124.9 L141.0,136.5 C139.8,137.7 141.6,141.9 141.8,141.8 Z" fill="currentColor" class="octo-body"></path></svg></a><style>.github-corner:hover .octo-arm{animation:octocat-wave 560ms ease-in-out}@keyframes octocat-wave{0%,100%{transform:rotate(0)}20%,60%{transform:rotate(-25deg)}40%,80%{transform:rotate(10deg)}}@media (max-width:500px){.github-corner:hover .octo-arm{animation:none}.github-corner .octo-arm{animation:octocat-wave 560ms ease-in-out}}</style>
